2023-08-09 11:53:12,622 INFO o.s.b.StartupInfoLogger [Test worker] Starting BulkPaymentsApplicationTests using Java 17.0.6 with PID 10864 (started by veselin.zinkov in C:\develop\BulkPayments)
2023-08-09 11:53:12,623 DEBUG o.s.b.StartupInfoLogger [Test worker] Running with Spring Boot v3.1.1, Spring v6.0.10
2023-08-09 11:53:12,624 INFO o.s.b.SpringApplication [Test worker] No active profile set, falling back to 1 default profile: "default"
2023-08-09 11:53:17,778 INFO c.s.b.u.Properties [Test worker] Getting properties from the database
2023-08-09 11:53:18,186 INFO c.s.b.u.Properties [Test worker] Borica url: http://localhost:8082/certservice/api/borica
2023-08-09 11:53:18,222 INFO c.s.b.u.Properties [Test worker] Account validation service url: 10.21.139.11:7203
2023-08-09 11:53:18,239 INFO c.s.b.u.Properties [Test worker] Account validation service branch: CHO
2023-08-09 11:53:18,254 INFO c.s.b.u.Properties [Test worker] Account validation service userId: INSTANTU
2023-08-09 11:53:18,261 INFO c.s.b.u.Properties [Test worker] Account validation service entity: ENTITY_ID1
2023-08-09 11:53:18,270 INFO c.s.b.u.Properties [Test worker] Borica rtp channel (BIC) of institution: BIC
2023-08-09 11:53:18,290 INFO c.s.b.u.Properties [Test worker] Borica rtp version: 1
2023-08-09 11:53:18,298 INFO c.s.b.u.Properties [Test worker] Flex cube service url: http://localhost:8082/IL
2023-08-09 11:53:18,306 INFO c.s.b.u.Properties [Test worker] Flex cube bizMsgIdr url: 10n
2023-08-09 11:53:18,313 INFO c.s.b.u.Properties [Test worker] JKS file path: C:\\Users\\nikolay.stanev\\IdeaProjects\\instantPayments\\src\\main\\resources\\InstantPyaments.jks
2023-08-09 11:53:18,324 INFO c.s.b.u.Properties [Test worker] JKS password: 123456
2023-08-09 11:53:18,335 INFO c.s.b.u.Properties [Test worker] JKS alias: sirma
2023-08-09 11:53:18,345 INFO c.s.b.u.Properties [Test worker] Incoming pacs.008 bulk messages directory path: C:\\Users\veselin.zinkov\\OneDrive - Sirma Business Consulting\\Desktop\\incoming_messages\\pacs008
2023-08-09 11:53:18,354 INFO c.s.b.u.Properties [Test worker] Incoming pacs.002 bulk messages directory path: C:\\Users\veselin.zinkov\\OneDrive - Sirma Business Consulting\\Desktop\\incoming_messages\\pacs002
2023-08-09 11:53:18,362 INFO c.s.b.u.Properties [Test worker] Outgoing pacs.008 bulk messages directory path: C:\\Users\\veselin.zinkov\\OneDrive - Sirma Business Consulting\\Desktop\\outgoing_messages\\pacs008
2023-08-09 11:53:18,370 INFO c.s.b.u.Properties [Test worker] Outgoing pacs.002 bulk messages directory path: C:\\Users\\veselin.zinkov\\OneDrive - Sirma Business Consulting\\Desktop\\outgoing_messages\\pacs002
2023-08-09 11:53:18,377 INFO c.s.b.u.Properties [Test worker] Outgoing bulk messages in progress directory path: C:\\Users\veselin.zinkov\\OneDrive - Sirma Business Consulting\\Desktop\\outgoing_messages\\in_progress
2023-08-09 11:53:19,488 INFO c.s.b.c.BorikaClientScheduler [scheduling-1] Getting message from Borika
2023-08-09 11:53:19,491 INFO o.s.b.StartupInfoLogger [Test worker] Started BulkPaymentsApplicationTests in 7.161 seconds (process running for 8.869)
2023-08-09 11:53:19,884 INFO c.s.b.c.BorikaClientScheduler [scheduling-1] GET request response: <?xml version="1.0" encoding="UTF-8" standalone="no"?><hdr:Message xmlns:hdr="urn:montran:message.01">
                  <hdr:AppHdr xmlns="urn:iso:std:iso:20022:tech:xsd:head.001.001.01">
                    <Fr>
                        <FIId>
                            <FinInstnId>
                                <BICFI>BGUSBGS0</BICFI>
                            </FinInstnId>
                        </FIId>
                    </Fr>
                    <To>
                        <FIId>
                            <FinInstnId>
                                <BICFI>BSBGBGS0</BICFI>
                            </FinInstnId>
                        </FIId>
                    </To>
                    <BizMsgIdr>Banksoft LTD</BizMsgIdr>
                    <MsgDefIdr>pacs.008.001.02</MsgDefIdr>
                    <BizSvc>RTP</BizSvc>
                    <CreDt>2023-04-25T08:22:32Z</CreDt><Sgntr><Signature xmlns="http://www.w3.org/2000/09/xmldsig#"><SignedInfo><CanonicalizationMethod Algorithm="http://www.w3.org/TR/2001/REC-xml-c14n-20010315#WithComments"/><SignatureMethod Algorithm="http://www.w3.org/2001/04/xmldsig-more#rsa-sha256"/><Reference URI=""><Transforms><Transform Algorithm="http://www.w3.org/2000/09/xmldsig#enveloped-signature"/><Transform Algorithm="http://www.w3.org/2006/12/xml-c14n11"/></Transforms><DigestMethod Algorithm="http://www.w3.org/2001/04/xmlenc#sha256"/><DigestValue>gIF7TM1XZ26jCSztxNDNo0zaQjiQbdoDqrJyOskDcBw=</DigestValue></Reference></SignedInfo><SignatureValue>m4BFcsI2mhq/+L3KyH9yrtb/PGjYmY3dsnSGdx/5mf/1o3I2VOLYDibAn/hlbs1mdTH2zwheawxI
mJcNs3yl5MVjiUci8AarXLu9XJ7uc4lB1QXlliRoiGrCn6KFi0ej4ZTBBkSwHRegPh0I81f6O7jo
By5KvYhDxSQAlYskLf6K0sJzUdml+FXfP0OD55yVbA6ydQCYQw56vWIKSBl7Q7iycG3PPY34ySe1
b7WJXm8kYq9q0m5eG5AhZGnYjSmB2F2j2/SJmYGJ+nnQGvxAPMylm8+NtBMmUYIiP+A1wytb38fM
BCmpfA8LYev9xMfkO3L60GEgXPkYtB7bEAHelw==</SignatureValue><KeyInfo><X509Data><X509SubjectName>C=BG, L=Sofia, OID.2.5.4.97=NTRBG-121246419, O=Bulgarian-American Credit Bank AD, OU=BG Inst, CN=SSL_DS_BACB, EMAILADDRESS=bginst@bacb.bg</X509SubjectName><X509IssuerSerial><X509IssuerName>CN=B-Trust TEST Operational Advanced CA, OU=B-Trust, O=BORICA - BANKSERVICE AD, OID.2.5.4.97=NTRBG-201230426, C=BG</X509IssuerName><X509SerialNumber>7147544073253608033</X509SerialNumber></X509IssuerSerial><X509Certificate>MIIGkzCCBHugAwIBAgIIYzEtdx662mEwDQYJKoZIhvcNAQELBQAwgYoxCzAJBgNVBAYTAkJHMRgw
FgYDVQRhDA9OVFJCRy0yMDEyMzA0MjYxIDAeBgNVBAoMF0JPUklDQSAtIEJBTktTRVJWSUNFIEFE
MRAwDgYDVQQLDAdCLVRydXN0MS0wKwYDVQQDDCRCLVRydXN0IFRFU1QgT3BlcmF0aW9uYWwgQWR2
YW5jZWQgQ0EwHhcNMjIwODI0MTIwMTA1WhcNMjMwODI0MTIwMTA1WjCBqjEdMBsGCSqGSIb3DQEJ
ARYOYmdpbnN0QGJhY2IuYmcxFDASBgNVBAMMC1NTTF9EU19CQUNCMRAwDgYDVQQLDAdCRyBJbnN0
MSowKAYDVQQKDCFCdWxnYXJpYW4tQW1lcmljYW4gQ3JlZGl0IEJhbmsgQUQxGDAWBgNVBGEMD05U
UkJHLTEyMTI0NjQxOTEOMAwGA1UEBwwFU29maWExCzAJBgNVBAYTAkJHMIIBIjANBgkqhkiG9w0B
AQEFAAOCAQ8AMIIBCgKCAQEAnUSHIbtJuvziKRPGkTfjkIC4KgCpqgGUFxzcGmMgaYYI3oa5aHtJ
pDdfFXIgnvKgH3/X10zW6IzFTcMAgyKPGxU3cVtkyU4rH7aytRsBhgyrPLc3/PTt4EirEZ4vSd9e
C/HZXc26oXnYIFVGbr9zk6tnBP5LQjulbOPSaGh5nOUvAi5SpSY66ASLtfHXvKhBRxI57p+U8hnX
F0NObK+rlNm8/Vp2EY415hTuojijoFU/IWIuEIW8nkzn3Qq/0b5jS8bl8cWcCDKylGKU00gIlVaL
JwzDuWg0Fdv4tcOAeuYV5T15rVCZYz0TkI+gbqqMxvQC6e9ZQPxP23aZkLQ/2QIDAQABo4IB2TCC
AdUwHQYDVR0OBBYEFH7qQ9MS+/M9otIKNYzOJp9WBkM/MB8GA1UdIwQYMBaAFPUnzPfbmyiUK5tm
8ClyDoo9YtyYMCEGA1UdEgQaMBiGFmh0dHA6Ly93d3cuYi10cnVzdC5vcmcwCQYDVR0TBAIwADBM
BgNVHSAERTBDMEEGCysGAQQB+3YBBwEEMDIwMAYIKwYBBQUHAgEWJGh0dHA6Ly93d3cuYi10cnVz
dC5vcmcvZG9jdW1lbnRzL2NwczAOBgNVHQ8BAf8EBAMCBeAwJwYDVR0lBCAwHgYIKwYBBQUHAwEG
CCsGAQUFBwMCBggrBgEFBQcDBDBUBgNVHR8ETTBLMEmgR6BFhkNodHRwOi8vY3JsdGVzdC5iLXRy
dXN0Lm9yZy9yZXBvc2l0b3J5L0ItVHJ1c3RUZXN0T3BlcmF0aW9uYWxBQ0EuY3JsMIGHBggrBgEF
BQcBAQR7MHkwJwYIKwYBBQUHMAGGG2h0dHA6Ly9vY3NwdGVzdC5iLXRydXN0Lm9yZzBOBggrBgEF
BQcwAoZCaHR0cDovL2NhdGVzdC5iLXRydXN0Lm9yZy9yZXBvc2l0b3J5L0ItVHJ1c3RUZXN0T3Bl
cmF0aW9uYWxBQ0EuY2VyMA0GCSqGSIb3DQEBCwUAA4ICAQAjl0UaYEpMlKBV0P/rx8JvBEKORVIS
wu3btVZcaxMec0jaJS3eymRH2CaKNyP0h7TlDOCMNWdKDEbILIxXdMdGHQuiE+zfHLJjGE3MgtsL
LmmHO3X1MuNnVnWbsGtn2P5VZkFg3ESdGQPHPUFjJzWUCbn0sNOJl8hM4d4Mizw8cQxqkH/WblwZ
JG2UJq+PoDhR2bxTFXgjKHtzHgFCNoKY/AjoDBzedeZN/scKFlsmau+wZko3OH9jgcO2OdHn45V6
tUvKMypoyjo4xBFhde9LfToeWab40WV4eRUQFG9CJ3UKHoNpMW+2gASGSRtA2IlEQ3OwmiDsluR6
yEWKERYYiJ1wTm6DJ9Mw+d0ptcPrqCL8ODyvueRmCHMdL3VLTAUyVgFZ1F7UapnSjJd1z96Wpm9j
SGqHXajpxKiqTS7qnbvovICXC+N50rLFIptyuGIsN0tMeYvasCQesRkTf7NSqHJQ/q53CsRNjN3j
PfHtvQnU8yTziBqlkhI88qgiGuFZtJ4Y4eGaULfCAdi2tSvwQeP8e1zm+WbB9EgXrvUHd9B+Khm9
DQu/7S/tJM7YvJDZLtNf6sCFE5xOv4oeT9MlMSWMHDIRTSrqJqkYiFUeSj1hbnYOF1OCyZtPIWha
dVS9ViXa+drGEc7rP3I62uD5fWszLZGaJCup02Epkw2CUQ==</X509Certificate></X509Data></KeyInfo></Signature></Sgntr></hdr:AppHdr><hdr:FIToFICstmrCdtTrf xmlns="urn:iso:std:iso:20022:tech:xsd:pacs.008.001.02">
                      <GrpHdr>       
                          <MsgId>042511223238</MsgId>
                          <CreDtTm>2023-04-25T08:22:32Z</CreDtTm>
                          <NbOfTxs>1</NbOfTxs>
                          <TtlIntrBkSttlmAmt Ccy="BGN">1.11</TtlIntrBkSttlmAmt>
                          <IntrBkSttlmDt>2023-04-25</IntrBkSttlmDt>
                          <SttlmInf>
                              <SttlmMtd>CLRG</SttlmMtd>
                              <ClrSys>
                                  <Prtry>BGINST</Prtry>
                              </ClrSys>
                          </SttlmInf>
                          <PmtTpInf>
                              <SvcLvl>
                                  <Cd>SEPA</Cd>
                              </SvcLvl>
                              <LclInstrm>
                                  <Cd>INST</Cd>
                              </LclInstrm>
                              <CtgyPurp>
                                  <Prtry>00001</Prtry> 
                              </CtgyPurp> 
                          </PmtTpInf>
                          <InstgAgt>
                              <FinInstnId>
                                  <BIC>BGUSBGS0</BIC>
                              </FinInstnId>
                          </InstgAgt>
                      </GrpHdr>    <CdtTrfTxInf>
      <PmtId>
         <InstrId>04251122323855496888</InstrId>
         <EndToEndId>04251122323855496888</EndToEndId>
         <TxId>04251122323855496888</TxId>
      </PmtId>
      <IntrBkSttlmAmt Ccy="BGN">1.11</IntrBkSttlmAmt>
      <AccptncDtTm>2023-04-25T08:22:32Z</AccptncDtTm>
      <ChrgBr>SLEV</ChrgBr>
      <Dbtr>
         <Nm><![CDATA[КРАСИМИР КРАСИМИРОВ САНДАЛСКИ]]></Nm>
      </Dbtr>
      <DbtrAcct>
         <Id>
            <IBAN>BG63BGUS91601005675200</IBAN>
         </Id>
      </DbtrAcct>
      <DbtrAgt>
         <FinInstnId> 
            <BIC>BGUSBGS0</BIC>
         </FinInstnId>
      </DbtrAgt>
      <CdtrAgt>
         <FinInstnId>
            <BIC>EAPSBGS0</BIC>
         </FinInstnId>
      </CdtrAgt>
      <Cdtr>
         <Nm><![CDATA[BLINK BST 2]]></Nm>
      </Cdtr>
      <CdtrAcct>
         <Id> 
            <IBAN>BG55EAPS40081000W00001</IBAN>
         </Id>
      </CdtrAcct>
      <RmtInf>
         <Ustrd><![CDATA[BLINK BST 2]]></Ustrd>
      </RmtInf>
   </CdtTrfTxInf>
</hdr:FIToFICstmrCdtTrf></hdr:Message>
2023-08-09 11:53:19,896 INFO c.s.b.c.BorikaClientScheduler [scheduling-1] Sending message to Borika
2023-08-09 11:53:19,898 INFO c.s.b.s.BorikaMessageService [task-1] Asynchronously processing the incoming message task-1
2023-08-09 11:53:21,566 INFO c.s.b.m.MessageWrapper [task-1] Saving message to an xml file
2023-08-09 11:53:21,602 INFO c.s.b.m.MessageWrapper [Test worker] Saving message to an xml file
